Summary of SPARK analysis
=========================

---------------------------------------------------------------------------------------------------------
SPARK Analysis results        Total       Flow   Interval   CodePeer       Provers   Justified   Unproved
---------------------------------------------------------------------------------------------------------
Data Dependencies                 .          .          .          .             .           .          .
Flow Dependencies                 .          .          .          .             .           .          .
Initialization                   12         12          .          .             .           .          .
Non-Aliasing                      3          3          .          .             .           .          .
Run-time Checks                 295          .          .          .    295 (CVC4)           .          .
Assertions                       30          .          .          .     30 (CVC4)           .          .
Functional Contracts             98          .          .          .     98 (CVC4)           .          .
LSP Verification                  .          .          .          .             .           .          .
---------------------------------------------------------------------------------------------------------
Total                           438    15 (3%)          .          .     423 (97%)           .          .


max steps used for successful proof: 1

Analyzed 6 units
in unit main, 11 subprograms and packages out of 11 analyzed
  Main at main.adb:60 flow analyzed (0 errors, 0 checks and 0 warnings) and proved (213 checks)
  Main.Lines at main.adb:62 flow analyzed (0 errors, 0 checks and 0 warnings) and proved (0 checks)
  Main.Lines.Equal at mystring.ads:12, instantiated at main.adb:62 flow analyzed (0 errors, 0 checks and 0 warnings) and proved (11 checks)
  Main.Lines.From_String at mystring.ads:8, instantiated at main.adb:62 flow analyzed (0 errors, 0 checks and 0 warnings) and proved (12 checks)
  Main.Lines.Get at mystring.ads:21, instantiated at main.adb:62 flow analyzed (0 errors, 0 checks and 0 warnings) and proved (1 checks)
  Main.Lines.Get_Line at mystring.ads:23, instantiated at main.adb:62 flow analyzed (0 errors, 0 checks and 0 warnings) and proved (2 checks)
  Main.Lines.Length at mystring.ads:16, instantiated at main.adb:62 flow analyzed (0 errors, 0 checks and 0 warnings) and proved (1 checks)
  Main.Lines.Less at mystring.ads:11, instantiated at main.adb:62 flow analyzed (0 errors, 0 checks and 0 warnings) and proved (7 checks)
  Main.Lines.MyString at mystring.ads:4, instantiated at main.adb:62 flow analyzed (0 errors, 0 checks and 0 warnings) and proved (0 checks)
  Main.Lines.Substring at mystring.ads:18, instantiated at main.adb:62 flow analyzed (0 errors, 0 checks and 0 warnings) and proved (11 checks)
  Main.Lines.To_String at mystring.ads:5, instantiated at main.adb:62 flow analyzed (0 errors, 0 checks and 0 warnings) and proved (7 checks)
in unit manager, 0 subprograms and packages out of 6 analyzed
  manager at manager.ads:5 skipped
  manager.get at manager.ads:10 skipped
  manager.lock at manager.ads:25 skipped
  manager.put at manager.ads:17 skipped
  manager.rem_password at manager.ads:13 skipped
  manager.unlock at manager.ads:21 skipped
in unit mycommandline, 0 subprograms and packages out of 4 analyzed
  MyCommandLine at mycommandline.ads:1 skipped
  MyCommandLine.Argument at mycommandline.ads:7 skipped
  MyCommandLine.Argument_Count at mycommandline.ads:3 skipped
  MyCommandLine.Command_Name at mycommandline.ads:5 skipped
in unit mystringtokeniser, 3 subprograms and packages out of 3 analyzed
  MyStringTokeniser at mystringtokeniser.ads:2 flow analyzed (0 errors, 0 checks and 0 warnings) and proved (0 checks)
  MyStringTokeniser.Is_Whitespace at mystringtokeniser.ads:10 flow analyzed (0 errors, 0 checks and 0 warnings) and proved (0 checks)
  MyStringTokeniser.Tokenise at mystringtokeniser.ads:14 flow analyzed (0 errors, 0 checks and 0 warnings) and proved (35 checks)
in unit passworddatabase, 20 subprograms and packages out of 35 analyzed
  PasswordDatabase at passworddatabase.ads:5 skipped
  PasswordDatabase.Database at passworddatabase.ads:16 skipped
  PasswordDatabase.Equal at passworddatabase.ads:39 skipped
  PasswordDatabase.Equal at passworddatabase.ads:41 skipped
  PasswordDatabase.From_String at passworddatabase.ads:31 skipped
  PasswordDatabase.From_String at passworddatabase.ads:33 skipped
  PasswordDatabase.Get at passworddatabase.ads:22 skipped
  PasswordDatabase.Has_Password_For at passworddatabase.ads:20 skipped
  PasswordDatabase.Init at passworddatabase.ads:18 skipped
  PasswordDatabase.Length at passworddatabase.ads:43 skipped
  PasswordDatabase.Less at passworddatabase.ads:38 skipped
  PasswordDatabase.Passwords at passworddatabase.ads:10 flow analyzed (0 errors, 0 checks and 0 warnings) and proved (0 checks)
  PasswordDatabase.Passwords.Equal at mystring.ads:12, instantiated at passworddatabase.ads:10 flow analyzed (0 errors, 0 checks and 0 warnings) and proved (11 checks)
  PasswordDatabase.Passwords.From_String at mystring.ads:8, instantiated at passworddatabase.ads:10 flow analyzed (0 errors, 0 checks and 0 warnings) and proved (12 checks)
  PasswordDatabase.Passwords.Get at mystring.ads:21, instantiated at passworddatabase.ads:10 flow analyzed (0 errors, 0 checks and 0 warnings) and proved (1 checks)
  PasswordDatabase.Passwords.Get_Line at mystring.ads:23, instantiated at passworddatabase.ads:10 flow analyzed (0 errors, 0 checks and 0 warnings) and proved (2 checks)
  PasswordDatabase.Passwords.Length at mystring.ads:16, instantiated at passworddatabase.ads:10 flow analyzed (0 errors, 0 checks and 0 warnings) and proved (1 checks)
  PasswordDatabase.Passwords.Less at mystring.ads:11, instantiated at passworddatabase.ads:10 flow analyzed (0 errors, 0 checks and 0 warnings) and proved (7 checks)
  PasswordDatabase.Passwords.MyString at mystring.ads:4, instantiated at passworddatabase.ads:10 flow analyzed (0 errors, 0 checks and 0 warnings) and proved (0 checks)
  PasswordDatabase.Passwords.Substring at mystring.ads:18, instantiated at passworddatabase.ads:10 flow analyzed (0 errors, 0 checks and 0 warnings) and proved (11 checks)
  PasswordDatabase.Passwords.To_String at mystring.ads:5, instantiated at passworddatabase.ads:10 flow analyzed (0 errors, 0 checks and 0 warnings) and proved (7 checks)
  PasswordDatabase.Put at passworddatabase.ads:25 skipped
  PasswordDatabase.Remove at passworddatabase.ads:28 skipped
  PasswordDatabase.To_String at passworddatabase.ads:35 skipped
  PasswordDatabase.To_String at passworddatabase.ads:36 skipped
  PasswordDatabase.URLs at passworddatabase.ads:11 flow analyzed (0 errors, 0 checks and 0 warnings) and proved (0 checks)
  PasswordDatabase.URLs.Equal at mystring.ads:12, instantiated at passworddatabase.ads:11 flow analyzed (0 errors, 0 checks and 0 warnings) and proved (11 checks)
  PasswordDatabase.URLs.From_String at mystring.ads:8, instantiated at passworddatabase.ads:11 flow analyzed (0 errors, 0 checks and 0 warnings) and proved (12 checks)
  PasswordDatabase.URLs.Get at mystring.ads:21, instantiated at passworddatabase.ads:11 flow analyzed (0 errors, 0 checks and 0 warnings) and proved (1 checks)
  PasswordDatabase.URLs.Get_Line at mystring.ads:23, instantiated at passworddatabase.ads:11 flow analyzed (0 errors, 0 checks and 0 warnings) and proved (2 checks)
  PasswordDatabase.URLs.Length at mystring.ads:16, instantiated at passworddatabase.ads:11 flow analyzed (0 errors, 0 checks and 0 warnings) and proved (1 checks)
  PasswordDatabase.URLs.Less at mystring.ads:11, instantiated at passworddatabase.ads:11 flow analyzed (0 errors, 0 checks and 0 warnings) and proved (7 checks)
  PasswordDatabase.URLs.MyString at mystring.ads:4, instantiated at passworddatabase.ads:11 flow analyzed (0 errors, 0 checks and 0 warnings) and proved (0 checks)
  PasswordDatabase.URLs.Substring at mystring.ads:18, instantiated at passworddatabase.ads:11 flow analyzed (0 errors, 0 checks and 0 warnings) and proved (11 checks)
  PasswordDatabase.URLs.To_String at mystring.ads:5, instantiated at passworddatabase.ads:11 flow analyzed (0 errors, 0 checks and 0 warnings) and proved (7 checks)
in unit pin, 3 subprograms and packages out of 3 analyzed
  PIN at pin.ads:1 flow analyzed (0 errors, 0 checks and 0 warnings) and proved (0 checks)
  PIN.From_String at pin.ads:3 flow analyzed (0 errors, 0 checks and 0 warnings) and proved (12 checks)
  PIN.PIN at pin.ads:2 flow analyzed (0 errors, 0 checks and 0 warnings) and proved (0 checks)
